#
# There is insufficient memory for the Java Runtime Environment to continue.
# Native memory allocation (malloc) failed to allocate 32744 bytes for ChunkPool::allocate
# Possible reasons:
#   The system is out of physical RAM or swap space
#   The process is running with CompressedOops enabled, and the Java Heap may be blocking the growth of the native heap
# Possible solutions:
#   Reduce memory load on the system
#   Increase physical memory or swap space
#   Check if swap backing store is full
#   Decrease Java heap size (-Xmx/-Xms)
#   Decrease number of Java threads
#   Decrease Java thread stack sizes (-Xss)
#   Set larger code cache with -XX:ReservedCodeCacheSize=
#   JVM is running with Unscaled Compressed Oops mode in which the Java heap is
#     placed in the first 4GB address space. The Java Heap base address is the
#     maximum limit for the native heap growth. Please use -XX:HeapBaseMinAddress
#     to set the Java Heap base and to place the Java Heap above 4GB virtual address.
# This output file may be truncated or incomplete.
#
#  Out of Memory Error (allocation.cpp:272), pid=1316, tid=0x00000000000022a4
#
# JRE version: OpenJDK Runtime Environment (8.0_202-b03) (build 1.8.0_202-release-1483-b03)
# Java VM: OpenJDK 64-Bit Server VM (25.202-b03 mixed mode windows-amd64 compressed oops)
# Failed to write core dump. Minidumps are not enabled by default on client versions of Windows
#

---------------  T H R E A D  ---------------

Current thread (0x0000000016be7000):  JavaThread "C1 CompilerThread2" daemon [_thread_in_vm, id=8868, stack(0x00000000184e0000,0x00000000185e0000)]

Stack: [0x00000000184e0000,0x00000000185e0000]
[error occurred during error reporting (printing stack bounds), id 0xc0000005]

Native frames: (J=compiled Java code, j=interpreted, Vv=VM code, C=native code)


Current CompileTask:
C1:  15127 3909       3       java.util.HashMap::putVal (300 bytes)


---------------  P R O C E S S  ---------------

Java Threads: ( => current thread )
  0x00000000198e6800 JavaThread "Cache worker for Build Output Cleanup Cache (D:\Android Project Rakib\Android Project With Code\Avision\.gradle\buildOutputCleanup)" [_thread_blocked, id=2912, stack(0x0000000022aa0000,0x0000000022ba0000)]
  0x00000000198e0000 JavaThread "Build operations Thread 4" [_thread_blocked, id=8248, stack(0x00000000223a0000,0x00000000224a0000)]
  0x00000000198de800 JavaThread "Build operations Thread 3" [_thread_blocked, id=4952, stack(0x0000000022000000,0x0000000022100000)]
  0x00000000198e2000 JavaThread "Build operations Thread 2" [_thread_blocked, id=6452, stack(0x0000000021f00000,0x0000000022000000)]
  0x00000000198df000 JavaThread "Build operations" [_thread_blocked, id=1184, stack(0x0000000021e00000,0x0000000021f00000)]
  0x000000001a205800 JavaThread "Cache worker for execution history cache (C:\Users\Administrator\.gradle\caches\5.1.1\executionHistory)" [_thread_blocked, id=6212, stack(0x0000000021d00000,0x0000000021e00000)]
  0x000000001a206000 JavaThread "Cache worker for cache directory md-rule (C:\Users\Administrator\.gradle\caches\5.1.1\md-rule)" [_thread_blocked, id=7796, stack(0x0000000021c00000,0x0000000021d00000)]
  0x000000001a207000 JavaThread "Cache worker for cache directory md-supplier (C:\Users\Administrator\.gradle\caches\5.1.1\md-supplier)" [_thread_blocked, id=7860, stack(0x00000000213f0000,0x00000000214f0000)]
  0x000000001a209000 JavaThread "Cache worker for file hash cache (D:\Android Project Rakib\Android Project With Code\Avision\.gradle\5.1.1\fileHashes)" [_thread_blocked, id=3352, stack(0x000000001d9e0000,0x000000001dae0000)]
  0x000000001a208800 JavaThread "Cache worker for journal cache (C:\Users\Administrator\.gradle\caches\journal-1)" [_thread_blocked, id=5124, stack(0x000000001c710000,0x000000001c810000)]
  0x000000001a20a000 JavaThread "File lock request listener" [_thread_in_native, id=7288, stack(0x000000001c610000,0x000000001c710000)]
  0x0000000019eca000 JavaThread "Cache worker for file hash cache (C:\Users\Administrator\.gradle\caches\5.1.1\fileHashes)" [_thread_blocked, id=8144, stack(0x000000001c510000,0x000000001c610000)]
  0x000000001893a800 JavaThread "Thread-8" [_thread_blocked, id=1936, stack(0x000000001c410000,0x000000001c510000)]
  0x0000000018937000 JavaThread "Stdin handler" [_thread_blocked, id=7132, stack(0x000000001c310000,0x000000001c410000)]
  0x0000000018935800 JavaThread "Asynchronous log dispatcher for DefaultDaemonConnection: socket connection from /127.0.0.1:58881 to /127.0.0.1:58882" [_thread_blocked, id=5828, stack(0x000000001c210000,0x000000001c310000)]
  0x0000000018933800 JavaThread "Daemon worker" [_thread_in_Java, id=8004, stack(0x000000001c110000,0x000000001c210000)]
  0x0000000018933000 JavaThread "Cancel handler" [_thread_blocked, id=5836, stack(0x000000001c010000,0x000000001c110000)]
  0x0000000019e78000 JavaThread "Handler for socket connection from /127.0.0.1:58881 to /127.0.0.1:58882" [_thread_in_native, id=4916, stack(0x000000001bd10000,0x000000001be10000)]
  0x0000000019e77800 JavaThread "Daemon" [_thread_blocked, id=3456, stack(0x000000001bc10000,0x000000001bd10000)]
  0x0000000018e92000 JavaThread "Daemon periodic checks" [_thread_blocked, id=7308, stack(0x000000001bb10000,0x000000001bc10000)]
  0x0000000018dad800 JavaThread "Incoming local TCP Connector on port 58881" [_thread_in_native, id=5296, stack(0x000000001a3b0000,0x000000001a4b0000)]
  0x0000000016beb800 JavaThread "Service Thread" daemon [_thread_blocked, id=6196, stack(0x00000000189e0000,0x0000000018ae0000)]
=>0x0000000016be7000 JavaThread "C1 CompilerThread2" daemon [_thread_in_vm, id=8868, stack(0x00000000184e0000,0x00000000185e0000)]
  0x0000000016bdd800 JavaThread "C2 CompilerThread1" daemon [_thread_in_native, id=3400, stack(0x00000000183e0000,0x00000000184e0000)]
  0x0000000016b8c800 JavaThread "C2 CompilerThread0" daemon [_thread_in_native, id=1152, stack(0x00000000182e0000,0x00000000183e0000)]
  0x0000000016b8a800 JavaThread "Attach Listener" daemon [_thread_blocked, id=3936, stack(0x00000000181e0000,0x00000000182e0000)]
  0x0000000016b89800 JavaThread "Signal Dispatcher" daemon [_thread_blocked, id=7144, stack(0x00000000180e0000,0x00000000181e0000)]
  0x0000000003216800 JavaThread "Finalizer" daemon [_thread_blocked, id=7004, stack(0x0000000017de0000,0x0000000017ee0000)]
  0x0000000016b79800 JavaThread "Reference Handler" daemon [_thread_blocked, id=6048, stack(0x0000000017ce0000,0x0000000017de0000)]
  0x000000000301e000 JavaThread "main" [_thread_blocked, id=6324, stack(0x0000000003020000,0x0000000003120000)]

Other Threads:
  0x0000000016b56800 VMThread [stack: 0x0000000017be0000,0x0000000017ce0000] [id=7720]
  0x0000000016bec800 WatcherThread [stack: 0x0000000018ae0000,0x0000000018be0000] [id=7748]

VM state:not at safepoint (normal execution)

VM Mutex/Monitor currently owned by a thread: None

heap address: 0x00000000a0000000, size: 1536 MB, Compressed Oops mode: 32-bit
Narrow klass base: 0x0000000000000000, Narrow klass shift: 3
Compressed class space size: 1073741824 Address: 0x0000000100000000

Heap:
 PSYoungGen      total 124928K, used 69558K [0x00000000e0000000, 0x00000000eb880000, 0x0000000100000000)
  eden space 113664K, 61% used [0x00000000e0000000,0x00000000e43edba8,0x00000000e6f00000)
  from space 11264K, 0% used [0x00000000e6f00000,0x00000000e6f00000,0x00000000e7a00000)
  to   space 12288K, 0% used [0x00000000eac80000,0x00000000eac80000,0x00000000eb880000)
 ParOldGen       total 78848K, used 17807K [0x00000000a0000000, 0x00000000a4d00000, 0x00000000e0000000)
  object space 78848K, 22% used [0x00000000a0000000,0x00000000a1163d50,0x00000000a4d00000)
 Metaspace       used 41793K, capacity 42918K, committed 43176K, reserved 1087488K
  class space    used 5668K, capacity 5976K, committed 6056K, reserved 1048576K

Card table byte_map: [0x00000000125e0000,0x00000000128f0000] byte_map_base: 0x00000000120e0000

Marking Bits: (ParMarkBitMap*) 0x0000000063399f30
 Begin Bits: [0x0000000012ef0000, 0x00000000146f0000)
 End Bits:   [0x00000000146f0000, 0x0000000015ef0000)

Polling page: 0x0000000000fd0000

CodeCache: size=245760Kb used=12969Kb max_used=12982Kb free=232790Kb
 bounds [0x0000000003220000, 0x0000000003ee0000, 0x0000000012220000]
 total_blobs=4402 nmethods=3665 adapters=650
 compilation: enabled

Compilation events (10 events):
Event: 15.108 Thread 0x0000000016be7000 nmethod 3903 0x0000000003ece250 code [0x0000000003ece580, 0x0000000003ecffd8]
Event: 15.110 Thread 0x0000000016be7000 3904   !   3       sun.security.util.DerInputBuffer::dup (29 bytes)
Event: 15.110 Thread 0x0000000016be7000 nmethod 3904 0x0000000003ec5010 code [0x0000000003ec51a0, 0x0000000003ec56e8]
Event: 15.110 Thread 0x0000000016be7000 3906       3       sun.security.util.DerValue::<init> (16 bytes)
Event: 15.111 Thread 0x0000000016be7000 nmethod 3906 0x0000000003ec95d0 code [0x0000000003ec9740, 0x0000000003ec9968]
Event: 15.111 Thread 0x0000000016be7000 3905       3       sun.security.util.DerInputBuffer::truncate (29 bytes)
Event: 15.111 Thread 0x0000000016be7000 nmethod 3905 0x0000000003ec8e50 code [0x0000000003ec8fc0, 0x0000000003ec9488]
Event: 15.111 Thread 0x0000000016be7000 3908       3       java.security.Provider$ServiceKey::equals (55 bytes)
Event: 15.111 Thread 0x0000000016be7000 nmethod 3908 0x0000000003ec8590 code [0x0000000003ec8720, 0x0000000003ec8d18]
Event: 15.111 Thread 0x0000000016be7000 3909       3       java.util.HashMap::putVal (300 bytes)

GC Heap History (10 events):
Event: 5.090 GC heap before
{Heap before GC invocations=7 (full 1):
 PSYoungGen      total 75264K, used 7119K [0x00000000e0000000, 0x00000000e5400000, 0x0000000100000000)
  eden space 65536K, 0% used [0x00000000e0000000,0x00000000e0000000,0x00000000e4000000)
  from space 9728K, 73% used [0x00000000e4a80000,0x00000000e5173c48,0x00000000e5400000)
  to   space 10240K, 0% used [0x00000000e4000000,0x00000000e4000000,0x00000000e4a00000)
 ParOldGen       total 86016K, used 8423K [0x00000000a0000000, 0x00000000a5400000, 0x00000000e0000000)
  object space 86016K, 9% used [0x00000000a0000000,0x00000000a0839d88,0x00000000a5400000)
 Metaspace       used 20699K, capacity 21164K, committed 21296K, reserved 1067008K
  class space    used 2918K, capacity 3125K, committed 3200K, reserved 1048576K
Event: 5.117 GC heap after
Heap after GC invocations=7 (full 1):
 PSYoungGen      total 75264K, used 0K [0x00000000e0000000, 0x00000000e5400000, 0x0000000100000000)
  eden space 65536K, 0% used [0x00000000e0000000,0x00000000e0000000,0x00000000e4000000)
  from space 9728K, 0% used [0x00000000e4a80000,0x00000000e4a80000,0x00000000e5400000)
  to   space 10240K, 0% used [0x00000000e4000000,0x00000000e4000000,0x00000000e4a00000)
 ParOldGen       total 53760K, used 8408K [0x00000000a0000000, 0x00000000a3480000, 0x00000000e0000000)
  object space 53760K, 15% used [0x00000000a0000000,0x00000000a08360d8,0x00000000a3480000)
 Metaspace       used 20699K, capacity 21164K, committed 21296K, reserved 1067008K
  class space    used 2918K, capacity 3125K, committed 3200K, reserved 1048576K
}
Event: 5.629 GC heap before
{Heap before GC invocations=8 (full 1):
 PSYoungGen      total 75264K, used 65536K [0x00000000e0000000, 0x00000000e5400000, 0x0000000100000000)
  eden space 65536K, 100% used [0x00000000e0000000,0x00000000e4000000,0x00000000e4000000)
  from space 9728K, 0% used [0x00000000e4a80000,0x00000000e4a80000,0x00000000e5400000)
  to   space 10240K, 0% used [0x00000000e4000000,0x00000000e4000000,0x00000000e4a00000)
 ParOldGen       total 53760K, used 8408K [0x00000000a0000000, 0x00000000a3480000, 0x00000000e0000000)
  object space 53760K, 15% used [0x00000000a0000000,0x00000000a08360d8,0x00000000a3480000)
 Metaspace       used 27840K, capacity 28340K, committed 28672K, reserved 1073152K
  class space    used 3806K, capacity 3999K, committed 4096K, reserved 1048576K
Event: 5.635 GC heap after
Heap after GC invocations=8 (full 1):
 PSYoungGen      total 75776K, used 7187K [0x00000000e0000000, 0x00000000e8400000, 0x0000000100000000)
  eden space 65536K, 0% used [0x00000000e0000000,0x00000000e0000000,0x00000000e4000000)
  from space 10240K, 70% used [0x00000000e4000000,0x00000000e4704c38,0x00000000e4a00000)
  to   space 10240K, 0% used [0x00000000e7a00000,0x00000000e7a00000,0x00000000e8400000)
 ParOldGen       total 53760K, used 8416K [0x00000000a0000000, 0x00000000a3480000, 0x00000000e0000000)
  object space 53760K, 15% used [0x00000000a0000000,0x00000000a08380d8,0x00000000a3480000)
 Metaspace       used 27840K, capacity 28340K, committed 28672K, reserved 1073152K
  class space    used 3806K, capacity 3999K, committed 4096K, reserved 1048576K
}
Event: 6.427 GC heap before
{Heap before GC invocations=9 (full 1):
 PSYoungGen      total 75776K, used 72723K [0x00000000e0000000, 0x00000000e8400000, 0x0000000100000000)
  eden space 65536K, 100% used [0x00000000e0000000,0x00000000e4000000,0x00000000e4000000)
  from space 10240K, 70% used [0x00000000e4000000,0x00000000e4704c38,0x00000000e4a00000)
  to   space 10240K, 0% used [0x00000000e7a00000,0x00000000e7a00000,0x00000000e8400000)
 ParOldGen       total 53760K, used 8416K [0x00000000a0000000, 0x00000000a3480000, 0x00000000e0000000)
  object space 53760K, 15% used [0x00000000a0000000,0x00000000a08380d8,0x00000000a3480000)
 Metaspace       used 32075K, capacity 32770K, committed 32896K, reserved 1077248K
  class space    used 4405K, capacity 4630K, committed 4736K, reserved 1048576K
Event: 6.445 GC heap after
Heap after GC invocations=9 (full 1):
 PSYoungGen      total 123904K, used 9659K [0x00000000e0000000, 0x00000000e8700000, 0x0000000100000000)
  eden space 113664K, 0% used [0x00000000e0000000,0x00000000e0000000,0x00000000e6f00000)
  from space 10240K, 94% used [0x00000000e7a00000,0x00000000e836eed8,0x00000000e8400000)
  to   space 11264K, 0% used [0x00000000e6f00000,0x00000000e6f00000,0x00000000e7a00000)
 ParOldGen       total 53760K, used 8424K [0x00000000a0000000, 0x00000000a3480000, 0x00000000e0000000)
  object space 53760K, 15% used [0x00000000a0000000,0x00000000a083a0d8,0x00000000a3480000)
 Metaspace       used 32075K, capacity 32770K, committed 32896K, reserved 1077248K
  class space    used 4405K, capacity 4630K, committed 4736K, reserved 1048576K
}
Event: 8.167 GC heap before
{Heap before GC invocations=10 (full 1):
 PSYoungGen      total 123904K, used 70633K [0x00000000e0000000, 0x00000000e8700000, 0x0000000100000000)
  eden space 113664K, 53% used [0x00000000e0000000,0x00000000e3b8b570,0x00000000e6f00000)
  from space 10240K, 94% used [0x00000000e7a00000,0x00000000e836eed8,0x00000000e8400000)
  to   space 11264K, 0% used [0x00000000e6f00000,0x00000000e6f00000,0x00000000e7a00000)
 ParOldGen       total 53760K, used 8424K [0x00000000a0000000, 0x00000000a3480000, 0x00000000e0000000)
  object space 53760K, 15% used [0x00000000a0000000,0x00000000a083a0d8,0x00000000a3480000)
 Metaspace       used 34403K, capacity 35436K, committed 35496K, reserved 1079296K
  class space    used 4729K, capacity 5000K, committed 5032K, reserved 1048576K
Event: 8.179 GC heap after
Heap after GC invocations=10 (full 1):
 PSYoungGen      total 124928K, used 10728K [0x00000000e0000000, 0x00000000eb880000, 0x0000000100000000)
  eden space 113664K, 0% used [0x00000000e0000000,0x00000000e0000000,0x00000000e6f00000)
  from space 11264K, 95% used [0x00000000e6f00000,0x00000000e797a0d0,0x00000000e7a00000)
  to   space 12288K, 0% used [0x00000000eac80000,0x00000000eac80000,0x00000000eb880000)
 ParOldGen       total 53760K, used 8432K [0x00000000a0000000, 0x00000000a3480000, 0x00000000e0000000)
  object space 53760K, 15% used [0x00000000a0000000,0x00000000a083c0d8,0x00000000a3480000)
 Metaspace       used 34403K, capacity 35436K, committed 35496K, reserved 1079296K
  class space    used 4729K, capacity 5000K, committed 5032K, reserved 1048576K
}
Event: 8.179 GC heap before
{Heap before GC invocations=11 (full 2):
 PSYoungGen      total 124928K, used 10728K [0x00000000e0000000, 0x00000000eb880000, 0x0000000100000000)
  eden space 113664K, 0% used [0x00000000e0000000,0x00000000e0000000,0x00000000e6f00000)
  from space 11264K, 95% used [0x00000000e6f00000,0x00000000e797a0d0,0x00000000e7a00000)
  to   space 12288K, 0% used [0x00000000eac80000,0x00000000eac80000,0x00000000eb880000)
 ParOldGen       total 53760K, used 8432K [0x00000000a0000000, 0x00000000a3480000, 0x00000000e0000000)
  object space 53760K, 15% used [0x00000000a0000000,0x00000000a083c0d8,0x00000000a3480000)
 Metaspace       used 34403K, capacity 35436K, committed 35496K, reserved 1079296K
  class space    used 4729K, capacity 5000K, committed 5032K, reserved 1048576K
Event: 8.221 GC heap after
Heap after GC invocations=11 (full 2):
 PSYoungGen      total 124928K, used 0K [0x00000000e0000000, 0x00000000eb880000, 0x0000000100000000)
  eden space 113664K, 0% used [0x00000000e0000000,0x00000000e0000000,0x00000000e6f00000)
  from space 11264K, 0% used [0x00000000e6f00000,0x00000000e6f00000,0x00000000e7a00000)
  to   space 12288K, 0% used [0x00000000eac80000,0x00000000eac80000,0x00000000eb880000)
 ParOldGen       total 78848K, used 17807K [0x00000000a0000000, 0x00000000a4d00000, 0x00000000e0000000)
  object space 78848K, 22% used [0x00000000a0000000,0x00000000a1163d50,0x00000000a4d00000)
 Metaspace       used 34395K, capacity 35412K, committed 35496K, reserved 1079296K
  class space    used 4727K, capacity 4996K, committed 5032K, reserved 1048576K
}

Deoptimization events (10 events):
Event: 15.015 Thread 0x0000000018933800 Uncommon trap: reason=unstable_if action=reinterpret pc=0x000000000333b298 method=java.util.HashMap.putVal(ILjava/lang/Object;Ljava/lang/Object;ZZ)Ljava/lang/Object; @ 236
Event: 15.031 Thread 0x0000000018933800 Uncommon trap: reason=unstable_if action=reinterpret pc=0x00000000036d653c method=java.lang.CharacterDataLatin1.isWhitespace(I)Z @ 14
Event: 15.071 Thread 0x0000000018933800 Uncommon trap: reason=unstable_if action=reinterpret pc=0x0000000003474208 method=java.util.jar.JarFile.maybeInstantiateVerifier()V @ 4
Event: 15.092 Thread 0x0000000018933800 Uncommon trap: reason=unstable_if action=reinterpret pc=0x0000000003d9b8d4 method=java.util.jar.JarFile.maybeInstantiateVerifier()V @ 4
Event: 15.092 Thread 0x0000000018933800 Uncommon trap: reason=unstable_if action=reinterpret pc=0x0000000003e60cf0 method=java.security.CodeSource.<init>(Ljava/net/URL;[Ljava/security/CodeSigner;)V @ 25
Event: 15.092 Thread 0x0000000018933800 Uncommon trap: reason=unstable_if action=reinterpret pc=0x00000000037e486c method=java.security.CodeSource.getCertificates()[Ljava/security/cert/Certificate; @ 22
Event: 15.093 Thread 0x0000000018933800 Uncommon trap: reason=unstable_if action=reinterpret pc=0x0000000003985f60 method=java.util.jar.JarFile.maybeInstantiateVerifier()V @ 4
Event: 15.093 Thread 0x0000000018933800 Uncommon trap: reason=unstable_if action=reinterpret pc=0x000000000334f0b0 method=java.util.jar.JarFile.maybeInstantiateVerifier()V @ 4
Event: 15.093 Thread 0x0000000018933800 Uncommon trap: reason=unstable_if action=reinterpret pc=0x0000000003e32b4c method=java.security.CodeSource.matchCerts(Ljava/security/CodeSource;Z)Z @ 11
Event: 15.107 Thread 0x0000000018933800 Uncommon trap: reason=unstable_if action=reinterpret pc=0x00000000033ae6d4 method=java.util.LinkedHashMap.get(Ljava/lang/Object;)Ljava/lang/Object; @ 20

Classes redefined (0 events):
No events

Internal exceptions (10 events):
Event: 13.122 Thread 0x0000000018933800 Exception <a 'java/lang/ClassNotFoundException': org/gradle/api/internal/AbstractTaskCustomizer> (0x00000000e0624908) thrown at [D:\src\AOSP-openjdk-cygwin\jdk8u\hotspot\src\share\vm\classfile\systemDictionary.cpp, line 210]
Event: 13.124 Thread 0x0000000018933800 Exception <a 'java/lang/ClassNotFoundException': org/gradle/api/DefaultTaskCustomizer> (0x00000000e06b1a00) thrown at [D:\src\AOSP-openjdk-cygwin\jdk8u\hotspot\src\share\vm\classfile\systemDictionary.cpp, line 210]
Event: 13.124 Thread 0x0000000018933800 Exception <a 'java/lang/ClassNotFoundException': org/gradle/api/internal/ConventionTaskCustomizer> (0x00000000e06f48b8) thrown at [D:\src\AOSP-openjdk-cygwin\jdk8u\hotspot\src\share\vm\classfile\systemDictionary.cpp, line 210]
Event: 13.125 Thread 0x0000000018933800 Exception <a 'java/lang/ClassNotFoundException': org/gradle/api/tasks/DeleteCustomizer> (0x00000000e07336d0) thrown at [D:\src\AOSP-openjdk-cygwin\jdk8u\hotspot\src\share\vm\classfile\systemDictionary.cpp, line 210]
Event: 13.126 Thread 0x0000000018933800 Exception <a 'java/lang/ClassNotFoundException': org/gradle/api/tasks/Delete_DecoratedCustomizer> (0x00000000e077feb0) thrown at [D:\src\AOSP-openjdk-cygwin\jdk8u\hotspot\src\share\vm\classfile\systemDictionary.cpp, line 210]
Event: 13.184 Thread 0x0000000018933800 Exception <a 'java/lang/ClassNotFoundException': build_2x2g0oefcxb73mr9w9hnhg426BeanInfo> (0x00000000e0898958) thrown at [D:\src\AOSP-openjdk-cygwin\jdk8u\hotspot\src\share\vm\classfile\systemDictionary.cpp, line 210]
Event: 13.185 Thread 0x0000000018933800 Exception <a 'java/lang/ClassNotFoundException': build_2x2g0oefcxb73mr9w9hnhg426Customizer> (0x00000000e08a3c60) thrown at [D:\src\AOSP-openjdk-cygwin\jdk8u\hotspot\src\share\vm\classfile\systemDictionary.cpp, line 210]
Event: 13.863 Thread 0x0000000018933800 Implicit null exception at 0x0000000003c30225 to 0x0000000003c38421
Event: 14.720 Thread 0x0000000018933800 Exception <a 'sun/nio/fs/WindowsException'> (0x00000000e2710138) thrown at [D:\src\AOSP-openjdk-cygwin\jdk8u\hotspot\src\share\vm\prims\jni.cpp, line 710]
Event: 15.003 Thread 0x0000000018933800 Implicit null exception at 0x000000000356f6a8 to 0x000000000356fbe9

Events (10 events):
Event: 15.107 Thread 0x0000000018933800 DEOPT UNPACKING pc=0x00000000032675d0 sp=0x000000001c206a20 mode 0
Event: 15.107 Thread 0x0000000018933800 DEOPT PACKING pc=0x0000000003e9f389 sp=0x000000001c206d20
Event: 15.107 Thread 0x0000000018933800 DEOPT UNPACKING pc=0x00000000032675d0 sp=0x000000001c206a20 mode 0
Event: 15.107 Thread 0x0000000018933800 DEOPT PACKING pc=0x0000000003e9f389 sp=0x000000001c206d20
Event: 15.107 Thread 0x0000000018933800 DEOPT UNPACKING pc=0x00000000032675d0 sp=0x000000001c206a20 mode 0
Event: 15.107 Thread 0x0000000018933800 DEOPT PACKING pc=0x0000000003e9f389 sp=0x000000001c206d20
Event: 15.107 Thread 0x0000000018933800 DEOPT UNPACKING pc=0x00000000032675d0 sp=0x000000001c206a20 mode 0
Event: 15.107 Thread 0x0000000018933800 Uncommon trap: trap_request=0xffffff65 fr.pc=0x00000000033ae6d4
Event: 15.107 Thread 0x0000000018933800 DEOPT PACKING pc=0x00000000033ae6d4 sp=0x000000001c206940
Event: 15.107 Thread 0x0000000018933800 DEOPT UNPACKING pc=0x000000000326557b sp=0x000000001c206900 mode 2


Dynamic libraries:
0x00007ff79c980000 - 0x00007ff79c9b1000 	C:\Program Files\Android\Android Studio\jre\bin\java.exe
0x00007ffddec90000 - 0x00007ffddee7d000 	C:\Windows\SYSTEM32\ntdll.dll
0x00007ffddbeb0000 - 0x00007ffddbf63000 	C:\Windows\System32\KERNEL32.DLL
0x00007ffddb7b0000 - 0x00007ffddba43000 	C:\Windows\System32\KERNELBASE.dll
0x00007ffddebb0000 - 0x00007ffddec53000 	C:\Windows\System32\ADVAPI32.dll
0x00007ffdde9e0000 - 0x00007ffddea7e000 	C:\Windows\System32\msvcrt.dll
0x00007ffddd580000 - 0x00007ffddd61e000 	C:\Windows\System32\sechost.dll
0x00007ffddea80000 - 0x00007ffddeba2000 	C:\Windows\System32\RPCRT4.dll
0x00007ffdddf60000 - 0x00007ffdde0f7000 	C:\Windows\System32\USER32.dll
0x00007ffddb5b0000 - 0x00007ffddb5d0000 	C:\Windows\System32\win32u.dll
0x00007ffddbf70000 - 0x00007ffddbf99000 	C:\Windows\System32\GDI32.dll
0x00007ffddbaf0000 - 0x00007ffddbc89000 	C:\Windows\System32\gdi32full.dll
0x00007ffddba50000 - 0x00007ffddbaf0000 	C:\Windows\System32\msvcp_win.dll
0x00007ffddbd10000 - 0x00007ffddbe0a000 	C:\Windows\System32\ucrtbase.dll
0x00007ffdc6490000 - 0x00007ffdc6709000 	C:\Windows\WinSxS\amd64_microsoft.windows.common-controls_6595b64144ccf1df_6.0.17763.1098_none_de762ed45346ee8a\COMCTL32.dll
0x00007ffdde100000 - 0x00007ffdde42c000 	C:\Windows\System32\combase.dll
0x00007ffddbc90000 - 0x00007ffddbd0e000 	C:\Windows\System32\bcryptPrimitives.dll
0x00007ffdde9b0000 - 0x00007ffdde9de000 	C:\Windows\System32\IMM32.DLL
0x0000000062af0000 - 0x0000000062bc2000 	C:\Program Files\Android\Android Studio\jre\jre\bin\msvcr100.dll
0x0000000062bd0000 - 0x0000000063416000 	C:\Program Files\Android\Android Studio\jre\jre\bin\server\jvm.dll
0x00007ffdde9a0000 - 0x00007ffdde9a8000 	C:\Windows\System32\PSAPI.DLL
0x00007ffdc6d90000 - 0x00007ffdc6d99000 	C:\Windows\SYSTEM32\WSOCK32.dll
0x00007ffdde430000 - 0x00007ffdde49d000 	C:\Windows\System32\WS2_32.dll
0x00007ffdd8cf0000 - 0x00007ffdd8d14000 	C:\Windows\SYSTEM32\WINMM.dll
0x00007ffdd22d0000 - 0x00007ffdd22da000 	C:\Windows\SYSTEM32\VERSION.dll
0x00007ffdd8960000 - 0x00007ffdd898d000 	C:\Windows\SYSTEM32\WINMMBASE.dll
0x00007ffddbe10000 - 0x00007ffddbe5a000 	C:\Windows\System32\cfgmgr32.dll
0x00007ffdc6dd0000 - 0x00007ffdc6ddf000 	C:\Program Files\Android\Android Studio\jre\jre\bin\verify.dll
0x00007ffdc6d60000 - 0x00007ffdc6d89000 	C:\Program Files\Android\Android Studio\jre\jre\bin\java.dll
0x00007ffdc6d40000 - 0x00007ffdc6d56000 	C:\Program Files\Android\Android Studio\jre\jre\bin\zip.dll
0x00007ffddc020000 - 0x00007ffddd514000 	C:\Windows\System32\SHELL32.dll
0x00007ffddd880000 - 0x00007ffddd928000 	C:\Windows\System32\shcore.dll
0x00007ffddad50000 - 0x00007ffddb49d000 	C:\Windows\System32\windows.storage.dll
0x00007ffddad20000 - 0x00007ffddad44000 	C:\Windows\System32\profapi.dll
0x00007ffddac80000 - 0x00007ffddacdd000 	C:\Windows\System32\powrprof.dll
0x00007ffddd520000 - 0x00007ffddd572000 	C:\Windows\System32\shlwapi.dll
0x00007ffddace0000 - 0x00007ffddacf1000 	C:\Windows\System32\kernel.appcore.dll
0x00007ffddbe90000 - 0x00007ffddbea7000 	C:\Windows\System32\cryptsp.dll
0x00007ffdc6db0000 - 0x00007ffdc6dca000 	C:\Program Files\Android\Android Studio\jre\jre\bin\net.dll
0x00007ffdda4f0000 - 0x00007ffdda557000 	C:\Windows\system32\mswsock.dll
0x00007ffdc5250000 - 0x00007ffdc5261000 	C:\Program Files\Android\Android Studio\jre\jre\bin\nio.dll
0x00007ffdb5a30000 - 0x00007ffdb5a4e000 	C:\Users\Administrator\.gradle\native\25\windows-amd64\native-platform.dll
0x00007ffdc6da0000 - 0x00007ffdc6dad000 	C:\Program Files\Android\Android Studio\jre\jre\bin\management.dll
0x00007ffdda010000 - 0x00007ffdda043000 	C:\Windows\system32\rsaenh.dll
0x00007ffddbe60000 - 0x00007ffddbe86000 	C:\Windows\System32\bcrypt.dll
0x00007ffddab80000 - 0x00007ffddaba8000 	C:\Windows\SYSTEM32\USERENV.dll
0x00007ffdda6c0000 - 0x00007ffdda6cc000 	C:\Windows\SYSTEM32\CRYPTBASE.dll
0x00007ffdda1b0000 - 0x00007ffdda1ed000 	C:\Windows\SYSTEM32\IPHLPAPI.DLL
0x00007ffddd7f0000 - 0x00007ffddd7f8000 	C:\Windows\System32\NSI.dll
0x00007ffdd1d50000 - 0x00007ffdd1d66000 	C:\Windows\SYSTEM32\dhcpcsvc6.DLL
0x00007ffdd1d30000 - 0x00007ffdd1d4c000 	C:\Windows\SYSTEM32\dhcpcsvc.DLL
0x00007ffdda1f0000 - 0x00007ffdda2b6000 	C:\Windows\SYSTEM32\DNSAPI.dll

VM Arguments:
jvm_args: -Xmx1536m -Dfile.encoding=windows-1252 -Duser.country=IN -Duser.language=en -Duser.variant 
java_command: org.gradle.launcher.daemon.bootstrap.GradleDaemon 5.1.1
java_class_path (initial): C:\Users\Administrator\.gradle\wrapper\dists\gradle-5.1.1-all\97z1ksx6lirer3kbvdnh7jtjg\gradle-5.1.1\lib\gradle-launcher-5.1.1.jar
Launcher Type: SUN_STANDARD

Environment Variables:
PATH=C:\Windows\system32;C:\Windows;C:\Windows\System32\Wbem;C:\Windows\System32\WindowsPowerShell\v1.0\;C:\Windows\System32\OpenSSH\;C:\Users\Administrator\AppData\Local\Microsoft\WindowsApps;
USERNAME=Administrator
OS=Windows_NT
PROCESSOR_IDENTIFIER=Intel64 Family 6 Model 158 Stepping 11, GenuineIntel



---------------  S Y S T E M  ---------------

OS: Windows 10.0 , 64 bit Build 17763 (10.0.17763.475)

CPU:total 4 (initial active 4) (4 cores per cpu, 1 threads per core) family 6 model 158 stepping 11, cmov, cx8, fxsr, mmx, sse, sse2, sse3, ssse3, sse4.1, sse4.2, popcnt, avx, avx2, aes, clmul, erms, 3dnowpref, lzcnt, tsc, tscinvbit, bmi1, bmi2, adx

Memory: 4k page, physical 8246816k(1156992k free), swap 33412640k(5264k free)

vm_info: OpenJDK 64-Bit Server VM (25.202-b03) for windows-amd64 JRE (1.8.0_202-release-1483-b03), built by "builder" with MS VC++ 10.0 (VS2010)

time: Fri Mar 13 15:16:38 2020
timezone: India Standard Time
elapsed time: 15 seconds (0d 0h 0m 15s)

