#
# There is insufficient memory for the Java Runtime Environment to continue.
# Native memory allocation (malloc) failed to allocate 32744 bytes for ChunkPool::allocate
# Possible reasons:
#   The system is out of physical RAM or swap space
#   The process is running with CompressedOops enabled, and the Java Heap may be blocking the growth of the native heap
# Possible solutions:
#   Reduce memory load on the system
#   Increase physical memory or swap space
#   Check if swap backing store is full
#   Decrease Java heap size (-Xmx/-Xms)
#   Decrease number of Java threads
#   Decrease Java thread stack sizes (-Xss)
#   Set larger code cache with -XX:ReservedCodeCacheSize=
#   JVM is running with Unscaled Compressed Oops mode in which the Java heap is
#     placed in the first 4GB address space. The Java Heap base address is the
#     maximum limit for the native heap growth. Please use -XX:HeapBaseMinAddress
#     to set the Java Heap base and to place the Java Heap above 4GB virtual address.
# This output file may be truncated or incomplete.
#
#  Out of Memory Error (allocation.cpp:272), pid=5036, tid=0x0000000000000900
#
# JRE version: OpenJDK Runtime Environment (8.0_202-b03) (build 1.8.0_202-release-1483-b03)
# Java VM: OpenJDK 64-Bit Server VM (25.202-b03 mixed mode windows-amd64 compressed oops)
# Failed to write core dump. Minidumps are not enabled by default on client versions of Windows
#

---------------  T H R E A D  ---------------

Current thread (0x000000001601a800):  JavaThread "C2 CompilerThread0" daemon [_thread_in_native, id=2304, stack(0x0000000017670000,0x0000000017770000)]

Stack: [0x0000000017670000,0x0000000017770000]
[error occurred during error reporting (printing stack bounds), id 0xc0000005]

Native frames: (J=compiled Java code, j=interpreted, Vv=VM code, C=native code)


Current CompileTask:
C2:  31738 3977       4       com.sun.beans.TypeResolver::resolve (37 bytes)


---------------  P R O C E S S  ---------------

Java Threads: ( => current thread )
  0x000000001bea4000 JavaThread "Build operations Thread 4" [_thread_blocked, id=1468, stack(0x000000001e250000,0x000000001e350000)]
  0x000000001b9e4800 JavaThread "Build operations Thread 3" [_thread_blocked, id=6420, stack(0x000000001e150000,0x000000001e250000)]
  0x000000001b9e4000 JavaThread "Build operations Thread 2" [_thread_blocked, id=8740, stack(0x000000001e050000,0x000000001e150000)]
  0x000000001b9e3000 JavaThread "Build operations" [_thread_blocked, id=8444, stack(0x000000001df50000,0x000000001e050000)]
  0x000000001b9e1000 JavaThread "Cache worker for Artifact transforms cache (C:\Users\visiable\.gradle\caches\transforms-1)" [_thread_blocked, id=1056, stack(0x000000001dc50000,0x000000001dd50000)]
  0x000000001b9e0000 JavaThread "Cache worker for cache directory md-rule (C:\Users\visiable\.gradle\caches\4.10.1\md-rule)" [_thread_blocked, id=7240, stack(0x000000001d6f0000,0x000000001d7f0000)]
  0x000000001b9df800 JavaThread "Cache worker for cache directory md-supplier (C:\Users\visiable\.gradle\caches\4.10.1\md-supplier)" [_thread_blocked, id=8392, stack(0x000000001d5f0000,0x000000001d6f0000)]
  0x000000001b9e5800 JavaThread "Cache worker for journal cache (C:\Users\visiable\.gradle\caches\journal-1)" [_thread_blocked, id=4080, stack(0x000000001ca60000,0x000000001cb60000)]
  0x000000001be3e800 JavaThread "Cache worker for file hash cache (D:\Android Project Rakib\Android Project With Play Store\18_01_2020_indid\IndidMobileApp\.gradle\4.10.1\fileHashes)" [_thread_blocked, id=6908, stack(0x000000001c960000,0x000000001ca60000)]
  0x000000001a7da800 JavaThread "File lock request listener" [_thread_in_native, id=1088, stack(0x000000001c860000,0x000000001c960000)]
  0x000000001b8de000 JavaThread "Cache worker for file hash cache (C:\Users\visiable\.gradle\caches\4.10.1\fileHashes)" [_thread_blocked, id=2340, stack(0x000000001c760000,0x000000001c860000)]
  0x0000000017d26000 JavaThread "Stdin handler" [_thread_blocked, id=9160, stack(0x000000001a6c0000,0x000000001a7c0000)]
  0x0000000017b7d800 JavaThread "Asynchronous log dispatcher for DefaultDaemonConnection: socket connection from /127.0.0.1:52204 to /127.0.0.1:52205" [_thread_blocked, id=532, stack(0x000000001a5c0000,0x000000001a6c0000)]
  0x00000000180b7800 JavaThread "Daemon worker" [_thread_in_native, id=7140, stack(0x000000001a2c0000,0x000000001a3c0000)]
  0x00000000180b6800 JavaThread "Cancel handler" [_thread_blocked, id=9092, stack(0x000000001a1c0000,0x000000001a2c0000)]
  0x000000001818a800 JavaThread "Handler for socket connection from /127.0.0.1:52204 to /127.0.0.1:52205" [_thread_in_native, id=4548, stack(0x000000001a0c0000,0x000000001a1c0000)]
  0x0000000018189800 JavaThread "Daemon" [_thread_blocked, id=2924, stack(0x0000000019fc0000,0x000000001a0c0000)]
  0x0000000017c13000 JavaThread "Daemon periodic checks" [_thread_blocked, id=1612, stack(0x0000000019ec0000,0x0000000019fc0000)]
  0x0000000017ca3000 JavaThread "Incoming local TCP Connector on port 52204" [_thread_in_native, id=5864, stack(0x0000000019c80000,0x0000000019d80000)]
  0x0000000017999800 JavaThread "Service Thread" daemon [_thread_blocked, id=3332, stack(0x0000000017d70000,0x0000000017e70000)]
  0x0000000016023800 JavaThread "C1 CompilerThread2" daemon [_thread_in_vm, id=6128, stack(0x0000000017870000,0x0000000017970000)]
  0x000000001601d800 JavaThread "C2 CompilerThread1" daemon [_thread_in_native, id=7684, stack(0x0000000017770000,0x0000000017870000)]
=>0x000000001601a800 JavaThread "C2 CompilerThread0" daemon [_thread_in_native, id=2304, stack(0x0000000017670000,0x0000000017770000)]
  0x0000000016026800 JavaThread "Attach Listener" daemon [_thread_blocked, id=8924, stack(0x0000000017570000,0x0000000017670000)]
  0x0000000016025000 JavaThread "Signal Dispatcher" daemon [_thread_blocked, id=4356, stack(0x0000000017470000,0x0000000017570000)]
  0x00000000026ab000 JavaThread "Finalizer" daemon [_thread_blocked, id=1684, stack(0x0000000017270000,0x0000000017370000)]
  0x0000000016009000 JavaThread "Reference Handler" daemon [_thread_blocked, id=7228, stack(0x0000000017170000,0x0000000017270000)]
  0x00000000023ad800 JavaThread "main" [_thread_blocked, id=9080, stack(0x00000000024b0000,0x00000000025b0000)]

Other Threads:
  0x0000000015fe7000 VMThread [stack: 0x0000000017070000,0x0000000017170000] [id=7972]
  0x000000001799c000 WatcherThread [stack: 0x0000000017e70000,0x0000000017f70000] [id=4648]

VM state:not at safepoint (normal execution)

VM Mutex/Monitor currently owned by a thread: None

heap address: 0x00000000a0000000, size: 1536 MB, Compressed Oops mode: 32-bit
Narrow klass base: 0x0000000000000000, Narrow klass shift: 3
Compressed class space size: 1073741824 Address: 0x0000000100000000

Heap:
 PSYoungGen      total 38912K, used 21306K [0x00000000e0000000, 0x00000000e3b00000, 0x0000000100000000)
  eden space 29184K, 44% used [0x00000000e0000000,0x00000000e0cc8040,0x00000000e1c80000)
  from space 9728K, 84% used [0x00000000e1c80000,0x00000000e2486840,0x00000000e2600000)
  to   space 10240K, 0% used [0x00000000e3100000,0x00000000e3100000,0x00000000e3b00000)
 ParOldGen       total 61440K, used 18742K [0x00000000a0000000, 0x00000000a3c00000, 0x00000000e0000000)
  object space 61440K, 30% used [0x00000000a0000000,0x00000000a124d930,0x00000000a3c00000)
 Metaspace       used 42771K, capacity 43956K, committed 44288K, reserved 1087488K
  class space    used 5809K, capacity 6144K, committed 6144K, reserved 1048576K

Card table byte_map: [0x0000000011a70000,0x0000000011d80000] byte_map_base: 0x0000000011570000

Marking Bits: (ParMarkBitMap*) 0x0000000052849f30
 Begin Bits: [0x0000000012380000, 0x0000000013b80000)
 End Bits:   [0x0000000013b80000, 0x0000000015380000)

Polling page: 0x0000000000a70000

CodeCache: size=245760Kb used=12941Kb max_used=12941Kb free=232818Kb
 bounds [0x00000000026b0000, 0x0000000003370000, 0x00000000116b0000]
 total_blobs=4425 nmethods=3681 adapters=657
 compilation: enabled

Compilation events (10 events):
Event: 31.701 Thread 0x0000000016023800 nmethod 4055 0x0000000002e2d050 code [0x0000000002e2d2e0, 0x0000000002e2e698]
Event: 31.701 Thread 0x0000000016023800 4056       3       sun.reflect.generics.tree.TypeVariableSignature::accept (8 bytes)
Event: 31.702 Thread 0x0000000016023800 nmethod 4056 0x0000000002e2c850 code [0x0000000002e2c9e0, 0x0000000002e2cde8]
Event: 31.702 Thread 0x0000000016023800 4057       3       sun.reflect.generics.visitor.Reifier::visitTypeVariableSignature (18 bytes)
Event: 31.702 Thread 0x0000000016023800 nmethod 4057 0x0000000002e2c190 code [0x0000000002e2c320, 0x0000000002e2c688]
Event: 31.703 Thread 0x0000000016023800 4059       3       groovyjarjarasm.asm.ClassWriter::put (152 bytes)
Event: 31.704 Thread 0x0000000016023800 nmethod 4059 0x0000000003360450 code [0x0000000003360620, 0x0000000003360d50]
Event: 31.704 Thread 0x0000000016023800 4058       3       groovyjarjarasm.asm.Frame::push (110 bytes)
Event: 31.704 Thread 0x0000000016023800 nmethod 4058 0x0000000003361150 code [0x00000000033612e0, 0x00000000033617e8]
Event: 31.708 Thread 0x0000000016023800 4060       1       com.google.common.cache.LocalCache$StrongValueReference::get (5 bytes)

GC Heap History (10 events):
Event: 28.985 GC heap before
{Heap before GC invocations=13 (full 1):
 PSYoungGen      total 33792K, used 18767K [0x00000000e0000000, 0x00000000e3a00000, 0x0000000100000000)
  eden space 30720K, 51% used [0x00000000e0000000,0x00000000e0f5f6b0,0x00000000e1e00000)
  from space 3072K, 98% used [0x00000000e2c00000,0x00000000e2ef46f0,0x00000000e2f00000)
  to   space 10240K, 0% used [0x00000000e3000000,0x00000000e3000000,0x00000000e3a00000)
 ParOldGen       total 52224K, used 14180K [0x00000000a0000000, 0x00000000a3300000, 0x00000000e0000000)
  object space 52224K, 27% used [0x00000000a0000000,0x00000000a0dd9178,0x00000000a3300000)
 Metaspace       used 34509K, capacity 35418K, committed 35496K, reserved 1079296K
  class space    used 4827K, capacity 5082K, committed 5120K, reserved 1048576K
Event: 28.989 GC heap after
Heap after GC invocations=13 (full 1):
 PSYoungGen      total 32768K, used 2463K [0x00000000e0000000, 0x00000000e3280000, 0x0000000100000000)
  eden space 30208K, 0% used [0x00000000e0000000,0x00000000e0000000,0x00000000e1d80000)
  from space 2560K, 96% used [0x00000000e3000000,0x00000000e3267db8,0x00000000e3280000)
  to   space 10240K, 0% used [0x00000000e1e80000,0x00000000e1e80000,0x00000000e2880000)
 ParOldGen       total 52224K, used 16076K [0x00000000a0000000, 0x00000000a3300000, 0x00000000e0000000)
  object space 52224K, 30% used [0x00000000a0000000,0x00000000a0fb31b8,0x00000000a3300000)
 Metaspace       used 34509K, capacity 35418K, committed 35496K, reserved 1079296K
  class space    used 4827K, capacity 5082K, committed 5120K, reserved 1048576K
}
Event: 28.989 GC heap before
{Heap before GC invocations=14 (full 2):
 PSYoungGen      total 32768K, used 2463K [0x00000000e0000000, 0x00000000e3280000, 0x0000000100000000)
  eden space 30208K, 0% used [0x00000000e0000000,0x00000000e0000000,0x00000000e1d80000)
  from space 2560K, 96% used [0x00000000e3000000,0x00000000e3267db8,0x00000000e3280000)
  to   space 10240K, 0% used [0x00000000e1e80000,0x00000000e1e80000,0x00000000e2880000)
 ParOldGen       total 52224K, used 16076K [0x00000000a0000000, 0x00000000a3300000, 0x00000000e0000000)
  object space 52224K, 30% used [0x00000000a0000000,0x00000000a0fb31b8,0x00000000a3300000)
 Metaspace       used 34509K, capacity 35418K, committed 35496K, reserved 1079296K
  class space    used 4827K, capacity 5082K, committed 5120K, reserved 1048576K
Event: 29.110 GC heap after
Heap after GC invocations=14 (full 2):
 PSYoungGen      total 32768K, used 0K [0x00000000e0000000, 0x00000000e3280000, 0x0000000100000000)
  eden space 30208K, 0% used [0x00000000e0000000,0x00000000e0000000,0x00000000e1d80000)
  from space 2560K, 0% used [0x00000000e3000000,0x00000000e3000000,0x00000000e3280000)
  to   space 10240K, 0% used [0x00000000e1e80000,0x00000000e1e80000,0x00000000e2880000)
 ParOldGen       total 61440K, used 17745K [0x00000000a0000000, 0x00000000a3c00000, 0x00000000e0000000)
  object space 61440K, 28% used [0x00000000a0000000,0x00000000a1154508,0x00000000a3c00000)
 Metaspace       used 34509K, capacity 35418K, committed 35496K, reserved 1079296K
  class space    used 4827K, capacity 5082K, committed 5120K, reserved 1048576K
}
Event: 30.509 GC heap before
{Heap before GC invocations=15 (full 2):
 PSYoungGen      total 32768K, used 30208K [0x00000000e0000000, 0x00000000e3280000, 0x0000000100000000)
  eden space 30208K, 100% used [0x00000000e0000000,0x00000000e1d80000,0x00000000e1d80000)
  from space 2560K, 0% used [0x00000000e3000000,0x00000000e3000000,0x00000000e3280000)
  to   space 10240K, 0% used [0x00000000e1e80000,0x00000000e1e80000,0x00000000e2880000)
 ParOldGen       total 61440K, used 17745K [0x00000000a0000000, 0x00000000a3c00000, 0x00000000e0000000)
  object space 61440K, 28% used [0x00000000a0000000,0x00000000a1154508,0x00000000a3c00000)
 Metaspace       used 38462K, capacity 39432K, committed 39680K, reserved 1083392K
  class space    used 5296K, capacity 5585K, committed 5632K, reserved 1048576K
Event: 30.512 GC heap after
Heap after GC invocations=15 (full 2):
 PSYoungGen      total 34304K, used 4413K [0x00000000e0000000, 0x00000000e3080000, 0x0000000100000000)
  eden space 29696K, 0% used [0x00000000e0000000,0x00000000e0000000,0x00000000e1d00000)
  from space 4608K, 95% used [0x00000000e1e80000,0x00000000e22cf6c0,0x00000000e2300000)
  to   space 9728K, 0% used [0x00000000e2700000,0x00000000e2700000,0x00000000e3080000)
 ParOldGen       total 61440K, used 17745K [0x00000000a0000000, 0x00000000a3c00000, 0x00000000e0000000)
  object space 61440K, 28% used [0x00000000a0000000,0x00000000a1154508,0x00000000a3c00000)
 Metaspace       used 38462K, capacity 39432K, committed 39680K, reserved 1083392K
  class space    used 5296K, capacity 5585K, committed 5632K, reserved 1048576K
}
Event: 31.113 GC heap before
{Heap before GC invocations=16 (full 2):
 PSYoungGen      total 34304K, used 34109K [0x00000000e0000000, 0x00000000e3080000, 0x0000000100000000)
  eden space 29696K, 100% used [0x00000000e0000000,0x00000000e1d00000,0x00000000e1d00000)
  from space 4608K, 95% used [0x00000000e1e80000,0x00000000e22cf6c0,0x00000000e2300000)
  to   space 9728K, 0% used [0x00000000e2700000,0x00000000e2700000,0x00000000e3080000)
 ParOldGen       total 61440K, used 17745K [0x00000000a0000000, 0x00000000a3c00000, 0x00000000e0000000)
  object space 61440K, 28% used [0x00000000a0000000,0x00000000a1154508,0x00000000a3c00000)
 Metaspace       used 40832K, capacity 41920K, committed 42240K, reserved 1085440K
  class space    used 5566K, capacity 5877K, committed 5888K, reserved 1048576K
Event: 31.117 GC heap after
Heap after GC invocations=16 (full 2):
 PSYoungGen      total 37888K, used 5452K [0x00000000e0000000, 0x00000000e2f80000, 0x0000000100000000)
  eden space 29184K, 0% used [0x00000000e0000000,0x00000000e0000000,0x00000000e1c80000)
  from space 8704K, 62% used [0x00000000e2700000,0x00000000e2c53078,0x00000000e2f80000)
  to   space 9728K, 0% used [0x00000000e1c80000,0x00000000e1c80000,0x00000000e2600000)
 ParOldGen       total 61440K, used 17753K [0x00000000a0000000, 0x00000000a3c00000, 0x00000000e0000000)
  object space 61440K, 28% used [0x00000000a0000000,0x00000000a1156508,0x00000000a3c00000)
 Metaspace       used 40832K, capacity 41920K, committed 42240K, reserved 1085440K
  class space    used 5566K, capacity 5877K, committed 5888K, reserved 1048576K
}
Event: 31.605 GC heap before
{Heap before GC invocations=17 (full 2):
 PSYoungGen      total 37888K, used 34636K [0x00000000e0000000, 0x00000000e2f80000, 0x0000000100000000)
  eden space 29184K, 100% used [0x00000000e0000000,0x00000000e1c80000,0x00000000e1c80000)
  from space 8704K, 62% used [0x00000000e2700000,0x00000000e2c53078,0x00000000e2f80000)
  to   space 9728K, 0% used [0x00000000e1c80000,0x00000000e1c80000,0x00000000e2600000)
 ParOldGen       total 61440K, used 17753K [0x00000000a0000000, 0x00000000a3c00000, 0x00000000e0000000)
  object space 61440K, 28% used [0x00000000a0000000,0x00000000a1156508,0x00000000a3c00000)
 Metaspace       used 42569K, capacity 43856K, committed 44032K, reserved 1087488K
  class space    used 5773K, capacity 6134K, committed 6144K, reserved 1048576K
Event: 31.612 GC heap after
Heap after GC invocations=17 (full 2):
 PSYoungGen      total 38912K, used 8218K [0x00000000e0000000, 0x00000000e3b00000, 0x0000000100000000)
  eden space 29184K, 0% used [0x00000000e0000000,0x00000000e0000000,0x00000000e1c80000)
  from space 9728K, 84% used [0x00000000e1c80000,0x00000000e2486840,0x00000000e2600000)
  to   space 10240K, 0% used [0x00000000e3100000,0x00000000e3100000,0x00000000e3b00000)
 ParOldGen       total 61440K, used 18742K [0x00000000a0000000, 0x00000000a3c00000, 0x00000000e0000000)
  object space 61440K, 30% used [0x00000000a0000000,0x00000000a124d930,0x00000000a3c00000)
 Metaspace       used 42569K, capacity 43856K, committed 44032K, reserved 1087488K
  class space    used 5773K, capacity 6134K, committed 6144K, reserved 1048576K
}

Deoptimization events (10 events):
Event: 30.848 Thread 0x00000000180b7800 Uncommon trap: reason=unstable_if action=reinterpret pc=0x0000000002e60660 method=org.objectweb.asm.ByteVector.putUTF8(Ljava/lang/String;)Lorg/objectweb/asm/ByteVector; @ 91
Event: 30.932 Thread 0x00000000180b7800 Uncommon trap: reason=unstable_if action=reinterpret pc=0x0000000002d7ddb0 method=org.objectweb.asm.ByteVector.putUTF8(Ljava/lang/String;)Lorg/objectweb/asm/ByteVector; @ 91
Event: 31.426 Thread 0x00000000180b7800 Uncommon trap: reason=unstable_if action=reinterpret pc=0x0000000003170254 method=groovy.lang.MetaClassImpl.filterPropertyMethod(Ljava/lang/Object;ZZ)Ljava/lang/Object; @ 72
Event: 31.662 Thread 0x00000000180b7800 Uncommon trap: reason=unstable_if action=reinterpret pc=0x000000000314d89c method=groovy.lang.MetaClassImpl.checkIfStdMethod(Lgroovy/lang/MetaMethod;)V @ 55
Event: 31.675 Thread 0x00000000180b7800 Uncommon trap: reason=unstable_if action=reinterpret pc=0x000000000314ae88 method=org.codehaus.groovy.runtime.metaclass.MetaMethodIndex.isNonRealMethod(Lgroovy/lang/MetaMethod;)Z @ 4
Event: 31.675 Thread 0x00000000180b7800 Uncommon trap: reason=unstable_if action=reinterpret pc=0x0000000002fedccc method=org.codehaus.groovy.runtime.metaclass.MetaMethodIndex.isNonRealMethod(Lgroovy/lang/MetaMethod;)Z @ 4
Event: 31.675 Thread 0x00000000180b7800 Uncommon trap: reason=unstable_if action=reinterpret pc=0x0000000002e67dac method=groovy.lang.MetaClassImpl$1MOPIter.methodNameAction(Ljava/lang/Class;Lorg/codehaus/groovy/runtime/metaclass/MetaMethodIndex$Entry;)V @ 259
Event: 31.695 Thread 0x00000000180b7800 Uncommon trap: reason=bimorphic action=maybe_recompile pc=0x0000000002f3ef90 method=java.util.WeakHashMap.eq(Ljava/lang/Object;Ljava/lang/Object;)Z @ 7
Event: 31.696 Thread 0x00000000180b7800 Uncommon trap: reason=unstable_if action=reinterpret pc=0x00000000032d7464 method=java.lang.ClassLoader.checkCerts(Ljava/lang/String;Ljava/security/CodeSource;)V @ 29
Event: 31.701 Thread 0x00000000180b7800 Uncommon trap: reason=bimorphic action=maybe_recompile pc=0x0000000002f3ef90 method=java.util.WeakHashMap.eq(Ljava/lang/Object;Ljava/lang/Object;)Z @ 7

Classes redefined (0 events):
No events

Internal exceptions (10 events):
Event: 31.695 Thread 0x00000000180b7800 Exception <a 'java/lang/ClassNotFoundException': java/util/AbstractListBeanInfo> (0x00000000e094b278) thrown at [D:\src\AOSP-openjdk-cygwin\jdk8u\hotspot\src\share\vm\classfile\systemDictionary.cpp, line 210]
Event: 31.695 Thread 0x00000000180b7800 Exception <a 'java/lang/ClassNotFoundException': java/util/AbstractListCustomizer> (0x00000000e0955528) thrown at [D:\src\AOSP-openjdk-cygwin\jdk8u\hotspot\src\share\vm\classfile\systemDictionary.cpp, line 210]
Event: 31.695 Thread 0x00000000180b7800 Exception <a 'java/lang/ClassNotFoundException': java/util/ArrayListCustomizer> (0x00000000e096cef0) thrown at [D:\src\AOSP-openjdk-cygwin\jdk8u\hotspot\src\share\vm\classfile\systemDictionary.cpp, line 210]
Event: 31.696 Thread 0x00000000180b7800 Implicit null exception at 0x00000000032d60b7 to 0x00000000032d7449
Event: 31.699 Thread 0x00000000180b7800 Exception <a 'java/lang/ClassNotFoundException': org/gradle/api/internal/plugins/DefaultPluginContainerBeanInfo> (0x00000000e0a01058) thrown at [D:\src\AOSP-openjdk-cygwin\jdk8u\hotspot\src\share\vm\classfile\systemDictionary.cpp, line 210]
Event: 31.700 Thread 0x00000000180b7800 Exception <a 'java/lang/ClassNotFoundException': org/gradle/api/internal/plugins/DefaultPluginCollectionBeanInfo> (0x00000000e0a396f0) thrown at [D:\src\AOSP-openjdk-cygwin\jdk8u\hotspot\src\share\vm\classfile\systemDictionary.cpp, line 210]
Event: 31.700 Thread 0x00000000180b7800 Exception <a 'java/lang/ClassNotFoundException': org/gradle/api/internal/DefaultDomainObjectSetBeanInfo> (0x00000000e0a6c580) thrown at [D:\src\AOSP-openjdk-cygwin\jdk8u\hotspot\src\share\vm\classfile\systemDictionary.cpp, line 210]
Event: 31.700 Thread 0x00000000180b7800 Exception <a 'java/lang/ClassNotFoundException': org/gradle/api/internal/DefaultDomainObjectSetCustomizer> (0x00000000e0aa0da8) thrown at [D:\src\AOSP-openjdk-cygwin\jdk8u\hotspot\src\share\vm\classfile\systemDictionary.cpp, line 210]
Event: 31.702 Thread 0x00000000180b7800 Exception <a 'java/lang/ClassNotFoundException': org/gradle/api/internal/plugins/DefaultPluginCollectionCustomizer> (0x00000000e0aed310) thrown at [D:\src\AOSP-openjdk-cygwin\jdk8u\hotspot\src\share\vm\classfile\systemDictionary.cpp, line 210]
Event: 31.703 Thread 0x00000000180b7800 Exception <a 'java/lang/ClassNotFoundException': org/gradle/api/internal/plugins/DefaultPluginContainerCustomizer> (0x00000000e0b58630) thrown at [D:\src\AOSP-openjdk-cygwin\jdk8u\hotspot\src\share\vm\classfile\systemDictionary.cpp, line 210]

Events (10 events):
Event: 31.703 loading class org/gradle/api/internal/plugins/DefaultPluginContainerCustomizer
Event: 31.703 loading class org/gradle/api/internal/plugins/DefaultPluginContainerCustomizer done
Event: 31.704 loading class org/gradle/api/internal/plugins/PluginManagerInternal$PluginWithId
Event: 31.704 loading class org/gradle/api/internal/plugins/PluginManagerInternal$PluginWithId done
Event: 31.708 loading class org/gradle/api/internal/plugins/DefaultPluginContainer$1
Event: 31.708 loading class org/gradle/api/internal/plugins/DefaultPluginContainer$1 done
Event: 31.708 loading class org/codehaus/groovy/runtime/callsite/ClassMetaClassGetPropertySite
Event: 31.708 loading class org/codehaus/groovy/runtime/callsite/ClassMetaClassGetPropertySite done
Event: 31.709 loading class org/codehaus/groovy/runtime/dgm$357
Event: 31.709 loading class org/codehaus/groovy/runtime/dgm$357 done


Dynamic libraries:
0x00007ff785d40000 - 0x00007ff785d71000 	C:\Program Files\Android\Android Studio\jre\bin\java.exe
0x00007ffcecf80000 - 0x00007ffced16d000 	C:\Windows\SYSTEM32\ntdll.dll
0x00007ffcea5c0000 - 0x00007ffcea673000 	C:\Windows\System32\KERNEL32.DLL
0x00007ffce9580000 - 0x00007ffce9813000 	C:\Windows\System32\KERNELBASE.dll
0x00007ffceb2a0000 - 0x00007ffceb343000 	C:\Windows\System32\ADVAPI32.dll
0x00007ffcea680000 - 0x00007ffcea71e000 	C:\Windows\System32\msvcrt.dll
0x00007ffcec880000 - 0x00007ffcec91e000 	C:\Windows\System32\sechost.dll
0x00007ffceb0a0000 - 0x00007ffceb1c2000 	C:\Windows\System32\RPCRT4.dll
0x00007ffcea1c0000 - 0x00007ffcea357000 	C:\Windows\System32\USER32.dll
0x00007ffce9f70000 - 0x00007ffce9f90000 	C:\Windows\System32\win32u.dll
0x00007ffcec850000 - 0x00007ffcec879000 	C:\Windows\System32\GDI32.dll
0x00007ffce93e0000 - 0x00007ffce9579000 	C:\Windows\System32\gdi32full.dll
0x00007ffce9340000 - 0x00007ffce93e0000 	C:\Windows\System32\msvcp_win.dll
0x00007ffce9040000 - 0x00007ffce913a000 	C:\Windows\System32\ucrtbase.dll
0x00007ffcd72e0000 - 0x00007ffcd7559000 	C:\Windows\WinSxS\amd64_microsoft.windows.common-controls_6595b64144ccf1df_6.0.17763.1039_none_de701650534c7021\COMCTL32.dll
0x00007ffceac40000 - 0x00007ffceaf6c000 	C:\Windows\System32\combase.dll
0x00007ffce92c0000 - 0x00007ffce933e000 	C:\Windows\System32\bcryptPrimitives.dll
0x00007ffcea590000 - 0x00007ffcea5be000 	C:\Windows\System32\IMM32.DLL
0x0000000051fa0000 - 0x0000000052072000 	C:\Program Files\Android\Android Studio\jre\jre\bin\msvcr100.dll
0x0000000052080000 - 0x00000000528c6000 	C:\Program Files\Android\Android Studio\jre\jre\bin\server\jvm.dll
0x00007ffcea930000 - 0x00007ffcea938000 	C:\Windows\System32\PSAPI.DLL
0x00007ffce6eb0000 - 0x00007ffce6ed4000 	C:\Windows\SYSTEM32\WINMM.dll
0x00007ffce5730000 - 0x00007ffce5739000 	C:\Windows\SYSTEM32\WSOCK32.dll
0x00007ffce0520000 - 0x00007ffce052a000 	C:\Windows\SYSTEM32\VERSION.dll
0x00007ffceb230000 - 0x00007ffceb29d000 	C:\Windows\System32\WS2_32.dll
0x00007ffce6e80000 - 0x00007ffce6ead000 	C:\Windows\SYSTEM32\winmmbase.dll
0x00007ffce91f0000 - 0x00007ffce923a000 	C:\Windows\System32\cfgmgr32.dll
0x00007ffce56f0000 - 0x00007ffce56ff000 	C:\Program Files\Android\Android Studio\jre\jre\bin\verify.dll
0x00007ffcdb610000 - 0x00007ffcdb639000 	C:\Program Files\Android\Android Studio\jre\jre\bin\java.dll
0x00007ffce56d0000 - 0x00007ffce56e6000 	C:\Program Files\Android\Android Studio\jre\jre\bin\zip.dll
0x00007ffceb350000 - 0x00007ffcec844000 	C:\Windows\System32\SHELL32.dll
0x00007ffceaab0000 - 0x00007ffceab58000 	C:\Windows\System32\shcore.dll
0x00007ffce9820000 - 0x00007ffce9f6d000 	C:\Windows\System32\windows.storage.dll
0x00007ffce9010000 - 0x00007ffce9034000 	C:\Windows\System32\profapi.dll
0x00007ffce8f90000 - 0x00007ffce8fed000 	C:\Windows\System32\powrprof.dll
0x00007ffcea4d0000 - 0x00007ffcea522000 	C:\Windows\System32\shlwapi.dll
0x00007ffce8f70000 - 0x00007ffce8f81000 	C:\Windows\System32\kernel.appcore.dll
0x00007ffce92a0000 - 0x00007ffce92b7000 	C:\Windows\System32\cryptsp.dll
0x00007ffcde9d0000 - 0x00007ffcde9ea000 	C:\Program Files\Android\Android Studio\jre\jre\bin\net.dll
0x00007ffce87e0000 - 0x00007ffce8847000 	C:\Windows\system32\mswsock.dll
0x00007ffcde840000 - 0x00007ffcde851000 	C:\Program Files\Android\Android Studio\jre\jre\bin\nio.dll
0x00007ffcdea70000 - 0x00007ffcdea8e000 	C:\Users\visiable\.gradle\native\25\windows-amd64\native-platform.dll
0x00007ffcdc870000 - 0x00007ffcdc87d000 	C:\Program Files\Android\Android Studio\jre\jre\bin\management.dll
0x00007ffce8360000 - 0x00007ffce8393000 	C:\Windows\system32\rsaenh.dll
0x00007ffce9f90000 - 0x00007ffce9fb6000 	C:\Windows\System32\bcrypt.dll
0x00007ffce8e70000 - 0x00007ffce8e98000 	C:\Windows\SYSTEM32\USERENV.dll
0x00007ffce89b0000 - 0x00007ffce89bc000 	C:\Windows\SYSTEM32\CRYPTBASE.dll
0x00007ffce8500000 - 0x00007ffce853d000 	C:\Windows\SYSTEM32\IPHLPAPI.DLL
0x00007ffceab60000 - 0x00007ffceab68000 	C:\Windows\System32\NSI.dll
0x00007ffce0000000 - 0x00007ffce0016000 	C:\Windows\SYSTEM32\dhcpcsvc6.DLL
0x00007ffcdffe0000 - 0x00007ffcdfffc000 	C:\Windows\SYSTEM32\dhcpcsvc.DLL
0x00007ffce8550000 - 0x00007ffce8616000 	C:\Windows\SYSTEM32\DNSAPI.dll

VM Arguments:
jvm_args: -Xmx1536m -Dfile.encoding=windows-1252 -Duser.country=IN -Duser.language=en -Duser.variant 
java_command: org.gradle.launcher.daemon.bootstrap.GradleDaemon 4.10.1
java_class_path (initial): C:\Users\visiable\.gradle\wrapper\dists\gradle-4.10.1-all\455itskqi2qtf0v2sja68alqd\gradle-4.10.1\lib\gradle-launcher-4.10.1.jar
Launcher Type: SUN_STANDARD

Environment Variables:
PATH=C:\Windows\system32;C:\Windows;C:\Windows\System32\Wbem;C:\Windows\System32\WindowsPowerShell\v1.0\;C:\Windows\System32\OpenSSH\;C:\Users\visiable\AppData\Local\Microsoft\WindowsApps;
USERNAME=visiable
OS=Windows_NT
PROCESSOR_IDENTIFIER=Intel64 Family 6 Model 158 Stepping 11, GenuineIntel



---------------  S Y S T E M  ---------------

OS: Windows 10.0 , 64 bit Build 17763 (10.0.17763.475)

CPU:total 4 (initial active 4) (4 cores per cpu, 1 threads per core) family 6 model 158 stepping 11, cmov, cx8, fxsr, mmx, sse, sse2, sse3, ssse3, sse4.1, sse4.2, popcnt, avx, avx2, aes, clmul, erms, 3dnowpref, lzcnt, tsc, tscinvbit, bmi1, bmi2, adx

Memory: 4k page, physical 8246816k(525616k free), swap 33412640k(5120k free)

vm_info: OpenJDK 64-Bit Server VM (25.202-b03) for windows-amd64 JRE (1.8.0_202-release-1483-b03), built by "builder" with MS VC++ 10.0 (VS2010)

time: Fri Feb 14 11:13:54 2020
timezone: India Standard Time
elapsed time: 31 seconds (0d 0h 0m 31s)

